#-----------------------------------------------------------
# Vivado v2020.2 (64-bit)
# SW Build 3064766 on Wed Nov 18 09:12:45 MST 2020
# IP Build 3064653 on Wed Nov 18 14:17:31 MST 2020
# Start of session at: Fri Mar 26 13:28:19 2021
# Process ID: 16868
# Current directory: C:/Dominik/Digital-electronics-1/Labs/07-ffs/flip_flops
# Command line: vivado.exe -gui_launcher_event rodinguilauncherevent18544 C:\Dominik\Digital-electronics-1\Labs\07-ffs\flip_flops\flip_flops.xpr
# Log file: C:/Dominik/Digital-electronics-1/Labs/07-ffs/flip_flops/vivado.log
# Journal file: C:/Dominik/Digital-electronics-1/Labs/07-ffs/flip_flops\vivado.jou
#-----------------------------------------------------------
start_gui
open_project C:/Dominik/Digital-electronics-1/Labs/07-ffs/flip_flops/flip_flops.xpr
WARNING: [filemgmt 56-3] Default IP Output Path : Could not find the directory 'C:/Dominik/Digital-electronics-1/Labs/07-ffs/flip_flops/flip_flops.gen/sources_1'.
Scanning sources...
Finished scanning sources
INFO: [IP_Flow 19-234] Refreshing IP repositories
INFO: [IP_Flow 19-1704] No user IP repositories specified
INFO: [IP_Flow 19-2313] Loaded Vivado IP repository 'C:/Xilinx/Vivado/2020.2/data/ip'.
open_project: Time (s): cpu = 00:00:11 ; elapsed = 00:00:07 . Memory (MB): peak = 993.254 ; gain = 0.000
update_compile_order -fileset sources_1
launch_simulation
Command: launch_simulation 
INFO: [Vivado 12-5682] Launching behavioral simulation in 'C:/Dominik/Digital-electronics-1/Labs/07-ffs/flip_flops/flip_flops.sim/sim_1/behav/xsim'
INFO: [SIM-utils-51] Simulation object is 'sim_1'
INFO: [SIM-utils-54] Inspecting design source files for 'tb_t_ff_rst' in fileset 'sim_1'...
INFO: [USF-XSim-97] Finding global include files...
INFO: [USF-XSim-98] Fetching design files from 'sim_1'...
INFO: [USF-XSim-2] XSim::Compile design
INFO: [USF-XSim-61] Executing 'COMPILE and ANALYZE' step in 'C:/Dominik/Digital-electronics-1/Labs/07-ffs/flip_flops/flip_flops.sim/sim_1/behav/xsim'
"xvhdl --incr --relax -prj tb_t_ff_rst_vhdl.prj"
INFO: [VRFC 10-163] Analyzing VHDL file "C:/Dominik/Digital-electronics-1/Labs/07-ffs/flip_flops/flip_flops.srcs/sources_1/new/t_ff_rst.vhd" into library xil_defaultlib
INFO: [VRFC 10-3107] analyzing entity 't_ff_rst'
INFO: [VRFC 10-163] Analyzing VHDL file "C:/Dominik/Digital-electronics-1/Labs/07-ffs/flip_flops/flip_flops.srcs/sim_1/new/tb_t_ff_rst.vhd" into library xil_defaultlib
INFO: [VRFC 10-3107] analyzing entity 'tb_t_ff_rst'
ERROR: [VRFC 10-3353] formal port 'temp' has no actual or default value [C:/Dominik/Digital-electronics-1/Labs/07-ffs/flip_flops/flip_flops.srcs/sim_1/new/tb_t_ff_rst.vhd:50]
ERROR: [VRFC 10-3782] unit 'behavioral' ignored due to previous errors [C:/Dominik/Digital-electronics-1/Labs/07-ffs/flip_flops/flip_flops.srcs/sim_1/new/tb_t_ff_rst.vhd:38]
INFO: [VRFC 10-3070] VHDL file 'C:/Dominik/Digital-electronics-1/Labs/07-ffs/flip_flops/flip_flops.srcs/sim_1/new/tb_t_ff_rst.vhd' ignored due to errors
INFO: [USF-XSim-69] 'compile' step finished in '2' seconds
INFO: [USF-XSim-99] Step results log file:'C:/Dominik/Digital-electronics-1/Labs/07-ffs/flip_flops/flip_flops.sim/sim_1/behav/xsim/xvhdl.log'
ERROR: [USF-XSim-62] 'compile' step failed with error(s). Please check the Tcl console output or 'C:/Dominik/Digital-electronics-1/Labs/07-ffs/flip_flops/flip_flops.sim/sim_1/behav/xsim/xvhdl.log' file for more information.
ERROR: [Vivado 12-4473] Detected error while running simulation. Please correct the issue and retry this operation.
ERROR: [Common 17-39] 'launch_simulation' failed due to earlier errors.
launch_simulation
Command: launch_simulation 
INFO: [Vivado 12-5682] Launching behavioral simulation in 'C:/Dominik/Digital-electronics-1/Labs/07-ffs/flip_flops/flip_flops.sim/sim_1/behav/xsim'
INFO: [SIM-utils-51] Simulation object is 'sim_1'
INFO: [SIM-utils-54] Inspecting design source files for 'tb_t_ff_rst' in fileset 'sim_1'...
INFO: [USF-XSim-97] Finding global include files...
INFO: [USF-XSim-98] Fetching design files from 'sim_1'...
INFO: [USF-XSim-2] XSim::Compile design
INFO: [USF-XSim-61] Executing 'COMPILE and ANALYZE' step in 'C:/Dominik/Digital-electronics-1/Labs/07-ffs/flip_flops/flip_flops.sim/sim_1/behav/xsim'
"xvhdl --incr --relax -prj tb_t_ff_rst_vhdl.prj"
INFO: [VRFC 10-163] Analyzing VHDL file "C:/Dominik/Digital-electronics-1/Labs/07-ffs/flip_flops/flip_flops.srcs/sources_1/new/t_ff_rst.vhd" into library xil_defaultlib
INFO: [VRFC 10-3107] analyzing entity 't_ff_rst'
INFO: [VRFC 10-163] Analyzing VHDL file "C:/Dominik/Digital-electronics-1/Labs/07-ffs/flip_flops/flip_flops.srcs/sim_1/new/tb_t_ff_rst.vhd" into library xil_defaultlib
INFO: [VRFC 10-3107] analyzing entity 'tb_t_ff_rst'
INFO: [USF-XSim-69] 'compile' step finished in '1' seconds
INFO: [USF-XSim-3] XSim::Elaborate design
INFO: [USF-XSim-61] Executing 'ELABORATE' step in 'C:/Dominik/Digital-electronics-1/Labs/07-ffs/flip_flops/flip_flops.sim/sim_1/behav/xsim'
"xelab -wto 6ec9a807dc024aa699b561729813554b --incr --debug typical --relax --mt 2 -L xil_defaultlib -L secureip --snapshot tb_t_ff_rst_behav xil_defaultlib.tb_t_ff_rst -log elaborate.log"
Vivado Simulator 2020.2
Copyright 1986-1999, 2001-2020 Xilinx, Inc. All Rights Reserved.
Running: C:/Xilinx/Vivado/2020.2/bin/unwrapped/win64.o/xelab.exe -wto 6ec9a807dc024aa699b561729813554b --incr --debug typical --relax --mt 2 -L xil_defaultlib -L secureip --snapshot tb_t_ff_rst_behav xil_defaultlib.tb_t_ff_rst -log elaborate.log 
Using 2 slave threads.
Starting static elaboration
Completed static elaboration
Starting simulation data flow analysis
Completed simulation data flow analysis
Time Resolution for simulation is 1ps
Compiling package std.standard
Compiling package std.textio
Compiling package ieee.std_logic_1164
Compiling architecture behavioral of entity xil_defaultlib.t_ff_rst [t_ff_rst_default]
Compiling architecture behavioral of entity xil_defaultlib.tb_t_ff_rst
Built simulation snapshot tb_t_ff_rst_behav
INFO: [USF-XSim-69] 'elaborate' step finished in '3' seconds
INFO: [USF-XSim-4] XSim::Simulate design
INFO: [USF-XSim-61] Executing 'SIMULATE' step in 'C:/Dominik/Digital-electronics-1/Labs/07-ffs/flip_flops/flip_flops.sim/sim_1/behav/xsim'
INFO: [USF-XSim-98] *** Running xsim
   with args "tb_t_ff_rst_behav -key {Behavioral:sim_1:Functional:tb_t_ff_rst} -tclbatch {tb_t_ff_rst.tcl} -log {simulate.log}"
INFO: [USF-XSim-8] Loading simulator feature
Vivado Simulator 2020.2
Time resolution is 1 ps
source tb_t_ff_rst.tcl
# set curr_wave [current_wave_config]
# if { [string length $curr_wave] == 0 } {
#   if { [llength [get_objects]] > 0} {
#     add_wave /
#     set_property needs_save false [current_wave_config]
#   } else {
#      send_msg_id Add_Wave-1 WARNING "No top level signals found. Simulator will start without a wave window. If you want to open a wave window go to 'File->New Waveform Configuration' or type 'create_wave_config' in the TCL console."
#   }
# }
# run 800ns
Note: Stimulus process started
Time: 0 ps  Iteration: 0  Process: /tb_t_ff_rst/p_t_ff_arst  File: C:/Dominik/Digital-electronics-1/Labs/07-ffs/flip_flops/flip_flops.srcs/sim_1/new/tb_t_ff_rst.vhd
Note: Stimulus process finished
Time: 622 ns  Iteration: 0  Process: /tb_t_ff_rst/p_t_ff_arst  File: C:/Dominik/Digital-electronics-1/Labs/07-ffs/flip_flops/flip_flops.srcs/sim_1/new/tb_t_ff_rst.vhd
INFO: [USF-XSim-96] XSim completed. Design snapshot 'tb_t_ff_rst_behav' loaded.
INFO: [USF-XSim-97] XSim simulation ran for 800ns
launch_simulation: Time (s): cpu = 00:00:05 ; elapsed = 00:00:07 . Memory (MB): peak = 993.254 ; gain = 0.000
close [ open C:/Dominik/Digital-electronics-1/Labs/07-ffs/flip_flops/flip_flops.srcs/sources_1/new/top.vhd w ]
add_files C:/Dominik/Digital-electronics-1/Labs/07-ffs/flip_flops/flip_flops.srcs/sources_1/new/top.vhd
update_compile_order -fileset sources_1
close_sim
INFO: [Simtcl 6-16] Simulation closed
exit
INFO: [Common 17-206] Exiting Vivado at Fri Mar 26 13:48:00 2021...
