#-----------------------------------------------------------
# Vivado v2020.2 (64-bit)
# SW Build 3064766 on Wed Nov 18 09:12:45 MST 2020
# IP Build 3064653 on Wed Nov 18 14:17:31 MST 2020
# Start of session at: Sun May  2 21:37:14 2021
# Process ID: 18376
# Current directory: C:/Dominik/Digital-electronics-1/Labs/project/project
# Command line: vivado.exe -gui_launcher_event rodinguilauncherevent10380 C:\Dominik\Digital-electronics-1\Labs\project\project\project.xpr
# Log file: C:/Dominik/Digital-electronics-1/Labs/project/project/vivado.log
# Journal file: C:/Dominik/Digital-electronics-1/Labs/project/project\vivado.jou
#-----------------------------------------------------------
start_gui
open_project C:/Dominik/Digital-electronics-1/Labs/project/project/project.xpr
WARNING: [filemgmt 56-3] Default IP Output Path : Could not find the directory 'C:/Dominik/Digital-electronics-1/Labs/project/project/project.gen/sources_1'.
Scanning sources...
Finished scanning sources
INFO: [IP_Flow 19-234] Refreshing IP repositories
INFO: [IP_Flow 19-1704] No user IP repositories specified
INFO: [IP_Flow 19-2313] Loaded Vivado IP repository 'C:/Xilinx/Vivado/2020.2/data/ip'.
open_project: Time (s): cpu = 00:00:13 ; elapsed = 00:00:07 . Memory (MB): peak = 995.344 ; gain = 0.000
