#-----------------------------------------------------------
# Vivado v2020.2 (64-bit)
# SW Build 3064766 on Wed Nov 18 09:12:45 MST 2020
# IP Build 3064653 on Wed Nov 18 14:17:31 MST 2020
# Start of session at: Sat Apr 17 21:11:23 2021
# Process ID: 18132
# Current directory: C:/Dominik/Digital-electronics-1/Labs/project/project
# Command line: vivado.exe -gui_launcher_event rodinguilauncherevent8652 C:\Dominik\Digital-electronics-1\Labs\project\project\project.xpr
# Log file: C:/Dominik/Digital-electronics-1/Labs/project/project/vivado.log
# Journal file: C:/Dominik/Digital-electronics-1/Labs/project/project\vivado.jou
#-----------------------------------------------------------
start_gui
open_project C:/Dominik/Digital-electronics-1/Labs/project/project/project.xpr
WARNING: [filemgmt 56-3] Default IP Output Path : Could not find the directory 'C:/Dominik/Digital-electronics-1/Labs/project/project/project.gen/sources_1'.
Scanning sources...
Finished scanning sources
INFO: [IP_Flow 19-234] Refreshing IP repositories
INFO: [IP_Flow 19-1704] No user IP repositories specified
INFO: [IP_Flow 19-2313] Loaded Vivado IP repository 'C:/Xilinx/Vivado/2020.2/data/ip'.
update_compile_order -fileset sources_1
launch_simulation
Command: launch_simulation 
INFO: [Vivado 12-5682] Launching behavioral simulation in 'C:/Dominik/Digital-electronics-1/Labs/project/project/project.sim/sim_1/behav/xsim'
INFO: [SIM-utils-51] Simulation object is 'sim_1'
INFO: [SIM-utils-54] Inspecting design source files for 'tb_driver_7seg_4digits' in fileset 'sim_1'...
INFO: [USF-XSim-97] Finding global include files...
INFO: [USF-XSim-98] Fetching design files from 'sim_1'...
INFO: [USF-XSim-2] XSim::Compile design
INFO: [USF-XSim-61] Executing 'COMPILE and ANALYZE' step in 'C:/Dominik/Digital-electronics-1/Labs/project/project/project.sim/sim_1/behav/xsim'
"xvhdl --incr --relax -prj tb_driver_7seg_4digits_vhdl.prj"
INFO: [USF-XSim-69] 'compile' step finished in '1' seconds
INFO: [USF-XSim-3] XSim::Elaborate design
INFO: [USF-XSim-61] Executing 'ELABORATE' step in 'C:/Dominik/Digital-electronics-1/Labs/project/project/project.sim/sim_1/behav/xsim'
"xelab -wto bde58fad631c454b85f6c91a139a3504 --incr --debug typical --relax --mt 2 -L xil_defaultlib -L secureip --snapshot tb_driver_7seg_4digits_behav xil_defaultlib.tb_driver_7seg_4digits -log elaborate.log"
Vivado Simulator 2020.2
Copyright 1986-1999, 2001-2020 Xilinx, Inc. All Rights Reserved.
Running: C:/Xilinx/Vivado/2020.2/bin/unwrapped/win64.o/xelab.exe -wto bde58fad631c454b85f6c91a139a3504 --incr --debug typical --relax --mt 2 -L xil_defaultlib -L secureip --snapshot tb_driver_7seg_4digits_behav xil_defaultlib.tb_driver_7seg_4digits -log elaborate.log 
Using 2 slave threads.
Starting static elaboration
Completed static elaboration
INFO: [XSIM 43-4323] No Change in HDL. Linking previously generated obj files to create kernel
INFO: [USF-XSim-69] 'elaborate' step finished in '1' seconds
INFO: [USF-XSim-4] XSim::Simulate design
INFO: [USF-XSim-61] Executing 'SIMULATE' step in 'C:/Dominik/Digital-electronics-1/Labs/project/project/project.sim/sim_1/behav/xsim'
INFO: [USF-XSim-98] *** Running xsim
   with args "tb_driver_7seg_4digits_behav -key {Behavioral:sim_1:Functional:tb_driver_7seg_4digits} -tclbatch {tb_driver_7seg_4digits.tcl} -log {simulate.log}"
INFO: [USF-XSim-8] Loading simulator feature
Vivado Simulator 2020.2
Time resolution is 1 ps
source tb_driver_7seg_4digits.tcl
# set curr_wave [current_wave_config]
# if { [string length $curr_wave] == 0 } {
#   if { [llength [get_objects]] > 0} {
#     add_wave /
#     set_property needs_save false [current_wave_config]
#   } else {
#      send_msg_id Add_Wave-1 WARNING "No top level signals found. Simulator will start without a wave window. If you want to open a wave window go to 'File->New Waveform Configuration' or type 'create_wave_config' in the TCL console."
#   }
# }
# run 1000ns
Note: Stimulus process started
Time: 0 ps  Iteration: 0  Process: /tb_driver_7seg_4digits/p_stimulus  File: C:/Dominik/Digital-electronics-1/Labs/project/project/project.srcs/sim_1/new/tb_driver.vhd
Note: Stimulus process finished
Time: 0 ps  Iteration: 0  Process: /tb_driver_7seg_4digits/p_stimulus  File: C:/Dominik/Digital-electronics-1/Labs/project/project/project.srcs/sim_1/new/tb_driver.vhd
INFO: [USF-XSim-96] XSim completed. Design snapshot 'tb_driver_7seg_4digits_behav' loaded.
INFO: [USF-XSim-97] XSim simulation ran for 1000ns
launch_simulation: Time (s): cpu = 00:00:10 ; elapsed = 00:00:07 . Memory (MB): peak = 1187.934 ; gain = 0.000
relaunch_sim
Command: launch_simulation -simset sim_1 -mode behavioral
INFO: [Vivado 12-5682] Launching behavioral simulation in 'C:/Dominik/Digital-electronics-1/Labs/project/project/project.sim/sim_1/behav/xsim'
INFO: [SIM-utils-51] Simulation object is 'sim_1'
INFO: [SIM-utils-54] Inspecting design source files for 'tb_driver_7seg_4digits' in fileset 'sim_1'...
INFO: [USF-XSim-97] Finding global include files...
INFO: [USF-XSim-98] Fetching design files from 'sim_1'...
INFO: [USF-XSim-2] XSim::Compile design
INFO: [USF-XSim-61] Executing 'COMPILE and ANALYZE' step in 'C:/Dominik/Digital-electronics-1/Labs/project/project/project.sim/sim_1/behav/xsim'
"xvhdl --incr --relax -prj tb_driver_7seg_4digits_vhdl.prj"
INFO: [USF-XSim-69] 'compile' step finished in '1' seconds
Command: launch_simulation -simset sim_1 -mode behavioral
INFO: [Vivado 12-5682] Launching behavioral simulation in 'C:/Dominik/Digital-electronics-1/Labs/project/project/project.sim/sim_1/behav/xsim'
INFO: [USF-XSim-3] XSim::Elaborate design
INFO: [USF-XSim-61] Executing 'ELABORATE' step in 'C:/Dominik/Digital-electronics-1/Labs/project/project/project.sim/sim_1/behav/xsim'
"xelab -wto bde58fad631c454b85f6c91a139a3504 --incr --debug typical --relax --mt 2 -L xil_defaultlib -L secureip --snapshot tb_driver_7seg_4digits_behav xil_defaultlib.tb_driver_7seg_4digits -log elaborate.log"
Vivado Simulator 2020.2
Copyright 1986-1999, 2001-2020 Xilinx, Inc. All Rights Reserved.
Running: C:/Xilinx/Vivado/2020.2/bin/unwrapped/win64.o/xelab.exe -wto bde58fad631c454b85f6c91a139a3504 --incr --debug typical --relax --mt 2 -L xil_defaultlib -L secureip --snapshot tb_driver_7seg_4digits_behav xil_defaultlib.tb_driver_7seg_4digits -log elaborate.log 
Using 2 slave threads.
Starting static elaboration
Completed static elaboration
INFO: [XSIM 43-4323] No Change in HDL. Linking previously generated obj files to create kernel
INFO: [USF-XSim-69] 'elaborate' step finished in '1' seconds
Vivado Simulator 2020.2
Time resolution is 1 ps
Note: Stimulus process started
Time: 0 ps  Iteration: 0  Process: /tb_driver_7seg_4digits/p_stimulus  File: C:/Dominik/Digital-electronics-1/Labs/project/project/project.srcs/sim_1/new/tb_driver.vhd
Note: Stimulus process finished
Time: 0 ps  Iteration: 0  Process: /tb_driver_7seg_4digits/p_stimulus  File: C:/Dominik/Digital-electronics-1/Labs/project/project/project.srcs/sim_1/new/tb_driver.vhd
relaunch_sim: Time (s): cpu = 00:00:03 ; elapsed = 00:00:06 . Memory (MB): peak = 1187.934 ; gain = 0.000
close_sim
INFO: [Simtcl 6-16] Simulation closed
launch_simulation
Command: launch_simulation 
INFO: [Vivado 12-5682] Launching behavioral simulation in 'C:/Dominik/Digital-electronics-1/Labs/project/project/project.sim/sim_1/behav/xsim'
INFO: [SIM-utils-51] Simulation object is 'sim_1'
INFO: [SIM-utils-54] Inspecting design source files for 'tb_driver_7seg_4digits' in fileset 'sim_1'...
INFO: [USF-XSim-97] Finding global include files...
INFO: [USF-XSim-98] Fetching design files from 'sim_1'...
INFO: [USF-XSim-2] XSim::Compile design
INFO: [USF-XSim-61] Executing 'COMPILE and ANALYZE' step in 'C:/Dominik/Digital-electronics-1/Labs/project/project/project.sim/sim_1/behav/xsim'
"xvhdl --incr --relax -prj tb_driver_7seg_4digits_vhdl.prj"
INFO: [VRFC 10-163] Analyzing VHDL file "C:/Dominik/Digital-electronics-1/Labs/project/project/project.srcs/sim_1/new/tb_driver.vhd" into library xil_defaultlib
INFO: [VRFC 10-3107] analyzing entity 'tb_driver_7seg_4digits'
ERROR: [VRFC 10-3353] formal port 'data0_i' has no actual or default value [C:/Dominik/Digital-electronics-1/Labs/project/project/project.srcs/sim_1/new/tb_driver.vhd:70]
ERROR: [VRFC 10-3782] unit 'testbench' ignored due to previous errors [C:/Dominik/Digital-electronics-1/Labs/project/project/project.srcs/sim_1/new/tb_driver.vhd:41]
INFO: [VRFC 10-3070] VHDL file 'C:/Dominik/Digital-electronics-1/Labs/project/project/project.srcs/sim_1/new/tb_driver.vhd' ignored due to errors
INFO: [USF-XSim-69] 'compile' step finished in '1' seconds
INFO: [USF-XSim-99] Step results log file:'C:/Dominik/Digital-electronics-1/Labs/project/project/project.sim/sim_1/behav/xsim/xvhdl.log'
ERROR: [USF-XSim-62] 'compile' step failed with error(s). Please check the Tcl console output or 'C:/Dominik/Digital-electronics-1/Labs/project/project/project.sim/sim_1/behav/xsim/xvhdl.log' file for more information.
ERROR: [Vivado 12-4473] Detected error while running simulation. Please correct the issue and retry this operation.
ERROR: [Common 17-39] 'launch_simulation' failed due to earlier errors.
launch_simulation
Command: launch_simulation 
INFO: [Vivado 12-5682] Launching behavioral simulation in 'C:/Dominik/Digital-electronics-1/Labs/project/project/project.sim/sim_1/behav/xsim'
INFO: [SIM-utils-51] Simulation object is 'sim_1'
INFO: [SIM-utils-54] Inspecting design source files for 'tb_driver_7seg_4digits' in fileset 'sim_1'...
INFO: [USF-XSim-97] Finding global include files...
INFO: [USF-XSim-98] Fetching design files from 'sim_1'...
INFO: [USF-XSim-2] XSim::Compile design
INFO: [USF-XSim-61] Executing 'COMPILE and ANALYZE' step in 'C:/Dominik/Digital-electronics-1/Labs/project/project/project.sim/sim_1/behav/xsim'
"xvhdl --incr --relax -prj tb_driver_7seg_4digits_vhdl.prj"
INFO: [VRFC 10-163] Analyzing VHDL file "C:/Dominik/Digital-electronics-1/Labs/project/project/project.srcs/sources_1/new/driver_7_seg.vhd" into library xil_defaultlib
INFO: [VRFC 10-3107] analyzing entity 'driver_7seg_4digits'
INFO: [VRFC 10-163] Analyzing VHDL file "C:/Dominik/Digital-electronics-1/Labs/project/project/project.srcs/sim_1/new/tb_driver.vhd" into library xil_defaultlib
INFO: [VRFC 10-3107] analyzing entity 'tb_driver_7seg_4digits'
INFO: [USF-XSim-69] 'compile' step finished in '1' seconds
INFO: [USF-XSim-3] XSim::Elaborate design
INFO: [USF-XSim-61] Executing 'ELABORATE' step in 'C:/Dominik/Digital-electronics-1/Labs/project/project/project.sim/sim_1/behav/xsim'
"xelab -wto bde58fad631c454b85f6c91a139a3504 --incr --debug typical --relax --mt 2 -L xil_defaultlib -L secureip --snapshot tb_driver_7seg_4digits_behav xil_defaultlib.tb_driver_7seg_4digits -log elaborate.log"
Vivado Simulator 2020.2
Copyright 1986-1999, 2001-2020 Xilinx, Inc. All Rights Reserved.
Running: C:/Xilinx/Vivado/2020.2/bin/unwrapped/win64.o/xelab.exe -wto bde58fad631c454b85f6c91a139a3504 --incr --debug typical --relax --mt 2 -L xil_defaultlib -L secureip --snapshot tb_driver_7seg_4digits_behav xil_defaultlib.tb_driver_7seg_4digits -log elaborate.log 
Using 2 slave threads.
Starting static elaboration
Completed static elaboration
Starting simulation data flow analysis
Completed simulation data flow analysis
Time Resolution for simulation is 1ps
Compiling package std.standard
Compiling package std.textio
Compiling package ieee.std_logic_1164
Compiling package ieee.numeric_std
Compiling architecture behavioral of entity xil_defaultlib.driver_7seg_4digits [driver_7seg_4digits_default]
Compiling architecture testbench of entity xil_defaultlib.tb_driver_7seg_4digits
Built simulation snapshot tb_driver_7seg_4digits_behav
INFO: [USF-XSim-69] 'elaborate' step finished in '2' seconds
INFO: [USF-XSim-4] XSim::Simulate design
INFO: [USF-XSim-61] Executing 'SIMULATE' step in 'C:/Dominik/Digital-electronics-1/Labs/project/project/project.sim/sim_1/behav/xsim'
INFO: [USF-XSim-98] *** Running xsim
   with args "tb_driver_7seg_4digits_behav -key {Behavioral:sim_1:Functional:tb_driver_7seg_4digits} -tclbatch {tb_driver_7seg_4digits.tcl} -log {simulate.log}"
INFO: [USF-XSim-8] Loading simulator feature
Vivado Simulator 2020.2
Time resolution is 1 ps
source tb_driver_7seg_4digits.tcl
# set curr_wave [current_wave_config]
# if { [string length $curr_wave] == 0 } {
#   if { [llength [get_objects]] > 0} {
#     add_wave /
#     set_property needs_save false [current_wave_config]
#   } else {
#      send_msg_id Add_Wave-1 WARNING "No top level signals found. Simulator will start without a wave window. If you want to open a wave window go to 'File->New Waveform Configuration' or type 'create_wave_config' in the TCL console."
#   }
# }
# run 1000ns
Note: Stimulus process started
Time: 0 ps  Iteration: 0  Process: /tb_driver_7seg_4digits/p_stimulus  File: C:/Dominik/Digital-electronics-1/Labs/project/project/project.srcs/sim_1/new/tb_driver.vhd
Note: Stimulus process finished
Time: 0 ps  Iteration: 0  Process: /tb_driver_7seg_4digits/p_stimulus  File: C:/Dominik/Digital-electronics-1/Labs/project/project/project.srcs/sim_1/new/tb_driver.vhd
INFO: [USF-XSim-96] XSim completed. Design snapshot 'tb_driver_7seg_4digits_behav' loaded.
INFO: [USF-XSim-97] XSim simulation ran for 1000ns
launch_simulation: Time (s): cpu = 00:00:04 ; elapsed = 00:00:06 . Memory (MB): peak = 1187.934 ; gain = 0.000
relaunch_sim
Command: launch_simulation -simset sim_1 -mode behavioral
INFO: [Vivado 12-5682] Launching behavioral simulation in 'C:/Dominik/Digital-electronics-1/Labs/project/project/project.sim/sim_1/behav/xsim'
INFO: [SIM-utils-51] Simulation object is 'sim_1'
INFO: [SIM-utils-54] Inspecting design source files for 'tb_driver_7seg_4digits' in fileset 'sim_1'...
INFO: [USF-XSim-97] Finding global include files...
INFO: [USF-XSim-98] Fetching design files from 'sim_1'...
INFO: [USF-XSim-2] XSim::Compile design
INFO: [USF-XSim-61] Executing 'COMPILE and ANALYZE' step in 'C:/Dominik/Digital-electronics-1/Labs/project/project/project.sim/sim_1/behav/xsim'
"xvhdl --incr --relax -prj tb_driver_7seg_4digits_vhdl.prj"
INFO: [VRFC 10-163] Analyzing VHDL file "C:/Dominik/Digital-electronics-1/Labs/project/project/project.srcs/sim_1/new/tb_driver.vhd" into library xil_defaultlib
INFO: [VRFC 10-3107] analyzing entity 'tb_driver_7seg_4digits'
INFO: [USF-XSim-69] 'compile' step finished in '1' seconds
Command: launch_simulation -simset sim_1 -mode behavioral
INFO: [Vivado 12-5682] Launching behavioral simulation in 'C:/Dominik/Digital-electronics-1/Labs/project/project/project.sim/sim_1/behav/xsim'
INFO: [USF-XSim-3] XSim::Elaborate design
INFO: [USF-XSim-61] Executing 'ELABORATE' step in 'C:/Dominik/Digital-electronics-1/Labs/project/project/project.sim/sim_1/behav/xsim'
"xelab -wto bde58fad631c454b85f6c91a139a3504 --incr --debug typical --relax --mt 2 -L xil_defaultlib -L secureip --snapshot tb_driver_7seg_4digits_behav xil_defaultlib.tb_driver_7seg_4digits -log elaborate.log"
Vivado Simulator 2020.2
Copyright 1986-1999, 2001-2020 Xilinx, Inc. All Rights Reserved.
Running: C:/Xilinx/Vivado/2020.2/bin/unwrapped/win64.o/xelab.exe -wto bde58fad631c454b85f6c91a139a3504 --incr --debug typical --relax --mt 2 -L xil_defaultlib -L secureip --snapshot tb_driver_7seg_4digits_behav xil_defaultlib.tb_driver_7seg_4digits -log elaborate.log 
Using 2 slave threads.
Starting static elaboration
Completed static elaboration
Starting simulation data flow analysis
Completed simulation data flow analysis
Time Resolution for simulation is 1ps
Compiling package std.standard
Compiling package std.textio
Compiling package ieee.std_logic_1164
Compiling package ieee.numeric_std
Compiling architecture behavioral of entity xil_defaultlib.driver_7seg_4digits [driver_7seg_4digits_default]
Compiling architecture testbench of entity xil_defaultlib.tb_driver_7seg_4digits
Built simulation snapshot tb_driver_7seg_4digits_behav
INFO: [USF-XSim-69] 'elaborate' step finished in '1' seconds
Vivado Simulator 2020.2
Time resolution is 1 ps
Note: Stimulus process started
Time: 0 ps  Iteration: 0  Process: /tb_driver_7seg_4digits/p_stimulus  File: C:/Dominik/Digital-electronics-1/Labs/project/project/project.srcs/sim_1/new/tb_driver.vhd
Note: Stimulus process finished
Time: 0 ps  Iteration: 0  Process: /tb_driver_7seg_4digits/p_stimulus  File: C:/Dominik/Digital-electronics-1/Labs/project/project/project.srcs/sim_1/new/tb_driver.vhd
relaunch_sim: Time (s): cpu = 00:00:02 ; elapsed = 00:00:05 . Memory (MB): peak = 1187.934 ; gain = 0.000
relaunch_sim
Command: launch_simulation -simset sim_1 -mode behavioral
INFO: [Vivado 12-5682] Launching behavioral simulation in 'C:/Dominik/Digital-electronics-1/Labs/project/project/project.sim/sim_1/behav/xsim'
INFO: [SIM-utils-51] Simulation object is 'sim_1'
INFO: [SIM-utils-54] Inspecting design source files for 'tb_driver_7seg_4digits' in fileset 'sim_1'...
INFO: [USF-XSim-97] Finding global include files...
INFO: [USF-XSim-98] Fetching design files from 'sim_1'...
INFO: [USF-XSim-2] XSim::Compile design
INFO: [USF-XSim-61] Executing 'COMPILE and ANALYZE' step in 'C:/Dominik/Digital-electronics-1/Labs/project/project/project.sim/sim_1/behav/xsim'
"xvhdl --incr --relax -prj tb_driver_7seg_4digits_vhdl.prj"
INFO: [VRFC 10-163] Analyzing VHDL file "C:/Dominik/Digital-electronics-1/Labs/project/project/project.srcs/sources_1/new/driver_7_seg.vhd" into library xil_defaultlib
INFO: [VRFC 10-3107] analyzing entity 'driver_7seg_4digits'
INFO: [VRFC 10-163] Analyzing VHDL file "C:/Dominik/Digital-electronics-1/Labs/project/project/project.srcs/sim_1/new/tb_driver.vhd" into library xil_defaultlib
INFO: [VRFC 10-3107] analyzing entity 'tb_driver_7seg_4digits'
INFO: [USF-XSim-69] 'compile' step finished in '1' seconds
Command: launch_simulation -simset sim_1 -mode behavioral
INFO: [Vivado 12-5682] Launching behavioral simulation in 'C:/Dominik/Digital-electronics-1/Labs/project/project/project.sim/sim_1/behav/xsim'
INFO: [USF-XSim-3] XSim::Elaborate design
INFO: [USF-XSim-61] Executing 'ELABORATE' step in 'C:/Dominik/Digital-electronics-1/Labs/project/project/project.sim/sim_1/behav/xsim'
"xelab -wto bde58fad631c454b85f6c91a139a3504 --incr --debug typical --relax --mt 2 -L xil_defaultlib -L secureip --snapshot tb_driver_7seg_4digits_behav xil_defaultlib.tb_driver_7seg_4digits -log elaborate.log"
Vivado Simulator 2020.2
Copyright 1986-1999, 2001-2020 Xilinx, Inc. All Rights Reserved.
Running: C:/Xilinx/Vivado/2020.2/bin/unwrapped/win64.o/xelab.exe -wto bde58fad631c454b85f6c91a139a3504 --incr --debug typical --relax --mt 2 -L xil_defaultlib -L secureip --snapshot tb_driver_7seg_4digits_behav xil_defaultlib.tb_driver_7seg_4digits -log elaborate.log 
Using 2 slave threads.
Starting static elaboration
Completed static elaboration
Starting simulation data flow analysis
Completed simulation data flow analysis
Time Resolution for simulation is 1ps
Compiling package std.standard
Compiling package std.textio
Compiling package ieee.std_logic_1164
Compiling package ieee.numeric_std
Compiling architecture behavioral of entity xil_defaultlib.hex_7seg [hex_7seg_default]
Compiling architecture behavioral of entity xil_defaultlib.driver_7seg_4digits [driver_7seg_4digits_default]
Compiling architecture testbench of entity xil_defaultlib.tb_driver_7seg_4digits
Built simulation snapshot tb_driver_7seg_4digits_behav
INFO: [USF-XSim-69] 'elaborate' step finished in '1' seconds
Vivado Simulator 2020.2
Time resolution is 1 ps
Note: Stimulus process started
Time: 0 ps  Iteration: 0  Process: /tb_driver_7seg_4digits/p_stimulus  File: C:/Dominik/Digital-electronics-1/Labs/project/project/project.srcs/sim_1/new/tb_driver.vhd
Note: Stimulus process finished
Time: 0 ps  Iteration: 0  Process: /tb_driver_7seg_4digits/p_stimulus  File: C:/Dominik/Digital-electronics-1/Labs/project/project/project.srcs/sim_1/new/tb_driver.vhd
relaunch_sim: Time (s): cpu = 00:00:02 ; elapsed = 00:00:05 . Memory (MB): peak = 1187.934 ; gain = 0.000
update_compile_order -fileset sources_1
close_sim
INFO: [Simtcl 6-16] Simulation closed
add_files -norecurse C:/Dominik/Digital-electronics-1/Labs/project/project/project.srcs/sources_1/new/cnt_up_down.vhd
update_compile_order -fileset sources_1
launch_simulation
Command: launch_simulation 
INFO: [Vivado 12-5682] Launching behavioral simulation in 'C:/Dominik/Digital-electronics-1/Labs/project/project/project.sim/sim_1/behav/xsim'
INFO: [SIM-utils-51] Simulation object is 'sim_1'
INFO: [SIM-utils-54] Inspecting design source files for 'tb_driver_7seg_4digits' in fileset 'sim_1'...
INFO: [USF-XSim-97] Finding global include files...
INFO: [USF-XSim-98] Fetching design files from 'sim_1'...
INFO: [USF-XSim-2] XSim::Compile design
INFO: [USF-XSim-61] Executing 'COMPILE and ANALYZE' step in 'C:/Dominik/Digital-electronics-1/Labs/project/project/project.sim/sim_1/behav/xsim'
"xvhdl --incr --relax -prj tb_driver_7seg_4digits_vhdl.prj"
INFO: [USF-XSim-69] 'compile' step finished in '1' seconds
INFO: [USF-XSim-3] XSim::Elaborate design
INFO: [USF-XSim-61] Executing 'ELABORATE' step in 'C:/Dominik/Digital-electronics-1/Labs/project/project/project.sim/sim_1/behav/xsim'
"xelab -wto bde58fad631c454b85f6c91a139a3504 --incr --debug typical --relax --mt 2 -L xil_defaultlib -L secureip --snapshot tb_driver_7seg_4digits_behav xil_defaultlib.tb_driver_7seg_4digits -log elaborate.log"
Vivado Simulator 2020.2
Copyright 1986-1999, 2001-2020 Xilinx, Inc. All Rights Reserved.
Running: C:/Xilinx/Vivado/2020.2/bin/unwrapped/win64.o/xelab.exe -wto bde58fad631c454b85f6c91a139a3504 --incr --debug typical --relax --mt 2 -L xil_defaultlib -L secureip --snapshot tb_driver_7seg_4digits_behav xil_defaultlib.tb_driver_7seg_4digits -log elaborate.log 
Using 2 slave threads.
Starting static elaboration
Completed static elaboration
INFO: [XSIM 43-4323] No Change in HDL. Linking previously generated obj files to create kernel
INFO: [USF-XSim-69] 'elaborate' step finished in '1' seconds
INFO: [USF-XSim-4] XSim::Simulate design
INFO: [USF-XSim-61] Executing 'SIMULATE' step in 'C:/Dominik/Digital-electronics-1/Labs/project/project/project.sim/sim_1/behav/xsim'
INFO: [USF-XSim-98] *** Running xsim
   with args "tb_driver_7seg_4digits_behav -key {Behavioral:sim_1:Functional:tb_driver_7seg_4digits} -tclbatch {tb_driver_7seg_4digits.tcl} -log {simulate.log}"
INFO: [USF-XSim-8] Loading simulator feature
Vivado Simulator 2020.2
Time resolution is 1 ps
source tb_driver_7seg_4digits.tcl
# set curr_wave [current_wave_config]
# if { [string length $curr_wave] == 0 } {
#   if { [llength [get_objects]] > 0} {
#     add_wave /
#     set_property needs_save false [current_wave_config]
#   } else {
#      send_msg_id Add_Wave-1 WARNING "No top level signals found. Simulator will start without a wave window. If you want to open a wave window go to 'File->New Waveform Configuration' or type 'create_wave_config' in the TCL console."
#   }
# }
# run 1000ns
Note: Stimulus process started
Time: 0 ps  Iteration: 0  Process: /tb_driver_7seg_4digits/p_stimulus  File: C:/Dominik/Digital-electronics-1/Labs/project/project/project.srcs/sim_1/new/tb_driver.vhd
Note: Stimulus process finished
Time: 0 ps  Iteration: 0  Process: /tb_driver_7seg_4digits/p_stimulus  File: C:/Dominik/Digital-electronics-1/Labs/project/project/project.srcs/sim_1/new/tb_driver.vhd
INFO: [USF-XSim-96] XSim completed. Design snapshot 'tb_driver_7seg_4digits_behav' loaded.
INFO: [USF-XSim-97] XSim simulation ran for 1000ns
add_bp {C:/Dominik/Digital-electronics-1/Labs/project/project/project.srcs/sim_1/new/tb_driver.vhd} 77
relaunch_sim
Command: launch_simulation -simset sim_1 -mode behavioral
INFO: [Vivado 12-5682] Launching behavioral simulation in 'C:/Dominik/Digital-electronics-1/Labs/project/project/project.sim/sim_1/behav/xsim'
INFO: [SIM-utils-51] Simulation object is 'sim_1'
INFO: [SIM-utils-54] Inspecting design source files for 'tb_driver_7seg_4digits' in fileset 'sim_1'...
INFO: [USF-XSim-97] Finding global include files...
INFO: [USF-XSim-98] Fetching design files from 'sim_1'...
INFO: [USF-XSim-2] XSim::Compile design
INFO: [USF-XSim-61] Executing 'COMPILE and ANALYZE' step in 'C:/Dominik/Digital-electronics-1/Labs/project/project/project.sim/sim_1/behav/xsim'
"xvhdl --incr --relax -prj tb_driver_7seg_4digits_vhdl.prj"
INFO: [USF-XSim-69] 'compile' step finished in '1' seconds
Command: launch_simulation -simset sim_1 -mode behavioral
INFO: [Vivado 12-5682] Launching behavioral simulation in 'C:/Dominik/Digital-electronics-1/Labs/project/project/project.sim/sim_1/behav/xsim'
INFO: [USF-XSim-3] XSim::Elaborate design
INFO: [USF-XSim-61] Executing 'ELABORATE' step in 'C:/Dominik/Digital-electronics-1/Labs/project/project/project.sim/sim_1/behav/xsim'
"xelab -wto bde58fad631c454b85f6c91a139a3504 --incr --debug typical --relax --mt 2 -L xil_defaultlib -L secureip --snapshot tb_driver_7seg_4digits_behav xil_defaultlib.tb_driver_7seg_4digits -log elaborate.log"
Vivado Simulator 2020.2
Copyright 1986-1999, 2001-2020 Xilinx, Inc. All Rights Reserved.
Running: C:/Xilinx/Vivado/2020.2/bin/unwrapped/win64.o/xelab.exe -wto bde58fad631c454b85f6c91a139a3504 --incr --debug typical --relax --mt 2 -L xil_defaultlib -L secureip --snapshot tb_driver_7seg_4digits_behav xil_defaultlib.tb_driver_7seg_4digits -log elaborate.log 
Using 2 slave threads.
Starting static elaboration
Completed static elaboration
INFO: [XSIM 43-4323] No Change in HDL. Linking previously generated obj files to create kernel
INFO: [USF-XSim-69] 'elaborate' step finished in '1' seconds
Vivado Simulator 2020.2
Time resolution is 1 ps
Note: Stimulus process started
Time: 0 ps  Iteration: 0  Process: /tb_driver_7seg_4digits/p_stimulus  File: C:/Dominik/Digital-electronics-1/Labs/project/project/project.srcs/sim_1/new/tb_driver.vhd
Note: Stimulus process finished
Time: 0 ps  Iteration: 0  Process: /tb_driver_7seg_4digits/p_stimulus  File: C:/Dominik/Digital-electronics-1/Labs/project/project/project.srcs/sim_1/new/tb_driver.vhd
Stopped at time : 0 fs : File "C:/Dominik/Digital-electronics-1/Labs/project/project/project.srcs/sim_1/new/tb_driver.vhd" Line 77
relaunch_sim: Time (s): cpu = 00:00:02 ; elapsed = 00:00:05 . Memory (MB): peak = 1187.934 ; gain = 0.000
remove_bps -file {C:/Dominik/Digital-electronics-1/Labs/project/project/project.srcs/sim_1/new/tb_driver.vhd} -line 77
relaunch_sim
Command: launch_simulation -simset sim_1 -mode behavioral
INFO: [Vivado 12-5682] Launching behavioral simulation in 'C:/Dominik/Digital-electronics-1/Labs/project/project/project.sim/sim_1/behav/xsim'
INFO: [SIM-utils-51] Simulation object is 'sim_1'
INFO: [SIM-utils-54] Inspecting design source files for 'tb_driver_7seg_4digits' in fileset 'sim_1'...
INFO: [USF-XSim-97] Finding global include files...
INFO: [USF-XSim-98] Fetching design files from 'sim_1'...
INFO: [USF-XSim-2] XSim::Compile design
INFO: [USF-XSim-61] Executing 'COMPILE and ANALYZE' step in 'C:/Dominik/Digital-electronics-1/Labs/project/project/project.sim/sim_1/behav/xsim'
"xvhdl --incr --relax -prj tb_driver_7seg_4digits_vhdl.prj"
INFO: [USF-XSim-69] 'compile' step finished in '1' seconds
Command: launch_simulation -simset sim_1 -mode behavioral
INFO: [Vivado 12-5682] Launching behavioral simulation in 'C:/Dominik/Digital-electronics-1/Labs/project/project/project.sim/sim_1/behav/xsim'
INFO: [USF-XSim-3] XSim::Elaborate design
INFO: [USF-XSim-61] Executing 'ELABORATE' step in 'C:/Dominik/Digital-electronics-1/Labs/project/project/project.sim/sim_1/behav/xsim'
"xelab -wto bde58fad631c454b85f6c91a139a3504 --incr --debug typical --relax --mt 2 -L xil_defaultlib -L secureip --snapshot tb_driver_7seg_4digits_behav xil_defaultlib.tb_driver_7seg_4digits -log elaborate.log"
Vivado Simulator 2020.2
Copyright 1986-1999, 2001-2020 Xilinx, Inc. All Rights Reserved.
Running: C:/Xilinx/Vivado/2020.2/bin/unwrapped/win64.o/xelab.exe -wto bde58fad631c454b85f6c91a139a3504 --incr --debug typical --relax --mt 2 -L xil_defaultlib -L secureip --snapshot tb_driver_7seg_4digits_behav xil_defaultlib.tb_driver_7seg_4digits -log elaborate.log 
Using 2 slave threads.
Starting static elaboration
Completed static elaboration
INFO: [XSIM 43-4323] No Change in HDL. Linking previously generated obj files to create kernel
INFO: [USF-XSim-69] 'elaborate' step finished in '1' seconds
Vivado Simulator 2020.2
Time resolution is 1 ps
Note: Stimulus process started
Time: 0 ps  Iteration: 0  Process: /tb_driver_7seg_4digits/p_stimulus  File: C:/Dominik/Digital-electronics-1/Labs/project/project/project.srcs/sim_1/new/tb_driver.vhd
Note: Stimulus process finished
Time: 0 ps  Iteration: 0  Process: /tb_driver_7seg_4digits/p_stimulus  File: C:/Dominik/Digital-electronics-1/Labs/project/project/project.srcs/sim_1/new/tb_driver.vhd
relaunch_sim: Time (s): cpu = 00:00:01 ; elapsed = 00:00:05 . Memory (MB): peak = 1187.934 ; gain = 0.000
close_sim
INFO: [Simtcl 6-16] Simulation closed
update_compile_order -fileset sources_1
launch_simulation
Command: launch_simulation 
INFO: [Vivado 12-5682] Launching behavioral simulation in 'C:/Dominik/Digital-electronics-1/Labs/project/project/project.sim/sim_1/behav/xsim'
INFO: [SIM-utils-51] Simulation object is 'sim_1'
INFO: [SIM-utils-54] Inspecting design source files for 'tb_driver_7seg_4digits' in fileset 'sim_1'...
INFO: [USF-XSim-97] Finding global include files...
INFO: [USF-XSim-98] Fetching design files from 'sim_1'...
INFO: [USF-XSim-2] XSim::Compile design
INFO: [USF-XSim-61] Executing 'COMPILE and ANALYZE' step in 'C:/Dominik/Digital-electronics-1/Labs/project/project/project.sim/sim_1/behav/xsim'
"xvhdl --incr --relax -prj tb_driver_7seg_4digits_vhdl.prj"
INFO: [VRFC 10-163] Analyzing VHDL file "C:/Dominik/Digital-electronics-1/Labs/project/project/project.srcs/sources_1/new/cnt_up_down.vhd" into library xil_defaultlib
INFO: [VRFC 10-3107] analyzing entity 'clock_enable'
INFO: [VRFC 10-163] Analyzing VHDL file "C:/Dominik/Digital-electronics-1/Labs/project/project/project.srcs/sources_1/new/driver_7_seg.vhd" into library xil_defaultlib
INFO: [VRFC 10-3107] analyzing entity 'driver_7seg_4digits'
INFO: [VRFC 10-163] Analyzing VHDL file "C:/Dominik/Digital-electronics-1/Labs/project/project/project.srcs/sim_1/new/tb_driver.vhd" into library xil_defaultlib
INFO: [VRFC 10-3107] analyzing entity 'tb_driver_7seg_4digits'
INFO: [USF-XSim-69] 'compile' step finished in '1' seconds
INFO: [USF-XSim-3] XSim::Elaborate design
INFO: [USF-XSim-61] Executing 'ELABORATE' step in 'C:/Dominik/Digital-electronics-1/Labs/project/project/project.sim/sim_1/behav/xsim'
"xelab -wto bde58fad631c454b85f6c91a139a3504 --incr --debug typical --relax --mt 2 -L xil_defaultlib -L secureip --snapshot tb_driver_7seg_4digits_behav xil_defaultlib.tb_driver_7seg_4digits -log elaborate.log"
Vivado Simulator 2020.2
Copyright 1986-1999, 2001-2020 Xilinx, Inc. All Rights Reserved.
Running: C:/Xilinx/Vivado/2020.2/bin/unwrapped/win64.o/xelab.exe -wto bde58fad631c454b85f6c91a139a3504 --incr --debug typical --relax --mt 2 -L xil_defaultlib -L secureip --snapshot tb_driver_7seg_4digits_behav xil_defaultlib.tb_driver_7seg_4digits -log elaborate.log 
Using 2 slave threads.
Starting static elaboration
Completed static elaboration
Starting simulation data flow analysis
Completed simulation data flow analysis
Time Resolution for simulation is 1ps
Compiling package std.standard
Compiling package std.textio
Compiling package ieee.std_logic_1164
Compiling package ieee.numeric_std
Compiling architecture behavioral of entity xil_defaultlib.clock_enable [\clock_enable(g_max=4)\]
Compiling architecture behavioral of entity xil_defaultlib.hex_7seg [hex_7seg_default]
Compiling architecture behavioral of entity xil_defaultlib.driver_7seg_4digits [driver_7seg_4digits_default]
Compiling architecture testbench of entity xil_defaultlib.tb_driver_7seg_4digits
Built simulation snapshot tb_driver_7seg_4digits_behav
INFO: [USF-XSim-69] 'elaborate' step finished in '1' seconds
INFO: [USF-XSim-4] XSim::Simulate design
INFO: [USF-XSim-61] Executing 'SIMULATE' step in 'C:/Dominik/Digital-electronics-1/Labs/project/project/project.sim/sim_1/behav/xsim'
INFO: [USF-XSim-98] *** Running xsim
   with args "tb_driver_7seg_4digits_behav -key {Behavioral:sim_1:Functional:tb_driver_7seg_4digits} -tclbatch {tb_driver_7seg_4digits.tcl} -log {simulate.log}"
INFO: [USF-XSim-8] Loading simulator feature
Vivado Simulator 2020.2
Time resolution is 1 ps
source tb_driver_7seg_4digits.tcl
# set curr_wave [current_wave_config]
# if { [string length $curr_wave] == 0 } {
#   if { [llength [get_objects]] > 0} {
#     add_wave /
#     set_property needs_save false [current_wave_config]
#   } else {
#      send_msg_id Add_Wave-1 WARNING "No top level signals found. Simulator will start without a wave window. If you want to open a wave window go to 'File->New Waveform Configuration' or type 'create_wave_config' in the TCL console."
#   }
# }
# run 1000ns
Note: Stimulus process started
Time: 0 ps  Iteration: 0  Process: /tb_driver_7seg_4digits/p_stimulus  File: C:/Dominik/Digital-electronics-1/Labs/project/project/project.srcs/sim_1/new/tb_driver.vhd
Note: Stimulus process finished
Time: 0 ps  Iteration: 0  Process: /tb_driver_7seg_4digits/p_stimulus  File: C:/Dominik/Digital-electronics-1/Labs/project/project/project.srcs/sim_1/new/tb_driver.vhd
INFO: [USF-XSim-96] XSim completed. Design snapshot 'tb_driver_7seg_4digits_behav' loaded.
INFO: [USF-XSim-97] XSim simulation ran for 1000ns
launch_simulation: Time (s): cpu = 00:00:03 ; elapsed = 00:00:06 . Memory (MB): peak = 1187.934 ; gain = 0.000
close_sim
INFO: [Simtcl 6-16] Simulation closed
set_property -name {xsim.simulate.runtime} -value {2000ns} -objects [get_filesets sim_1]
WARNING: [filemgmt 56-199] Attempt to get parsing info during refresh. "On-the-fly" syntax checking information may be incorrect. [C:\Dominik\Digital-electronics-1\Labs\project\project\project.srcs\sim_1\new\tb_driver.vhd:]
WARNING: [filemgmt 56-199] Attempt to get parsing info during refresh. "On-the-fly" syntax checking information may be incorrect. [C:\Dominik\Digital-electronics-1\Labs\project\project\project.srcs\sources_1\new\hex_7seg.vhd:]
WARNING: [filemgmt 56-199] Attempt to get parsing info during refresh. "On-the-fly" syntax checking information may be incorrect. [C:\Dominik\Digital-electronics-1\Labs\project\project\project.srcs\sources_1\new\hall.vhd:]
WARNING: [filemgmt 56-199] Attempt to get parsing info during refresh. "On-the-fly" syntax checking information may be incorrect. [C:\Dominik\Digital-electronics-1\Labs\project\project\project.srcs\sources_1\new\driver_7_seg.vhd:]
WARNING: [filemgmt 56-199] Attempt to get parsing info during refresh. "On-the-fly" syntax checking information may be incorrect. [C:\Dominik\Digital-electronics-1\Labs\project\project\project.srcs\sources_1\new\cnt_up_down.vhd:]
